<?xml version="1.0" encoding="UTF-8"?>
<testsuite name="com.example.CulturalActivities.CulturalActivitiesApplicationTests" tests="1" skipped="0" failures="0" errors="0" timestamp="2020-04-22T21:04:31" hostname="sarajarrad" time="0.185">
  <properties/>
  <testcase name="contextLoads" classname="com.example.CulturalActivities.CulturalActivitiesApplicationTests" time="0.185"/>
  <system-out><![CDATA[23:04:03.184 [Test worker] DEBUG org.springframework.test.context.junit4.SpringJUnit4ClassRunner - SpringJUnit4ClassRunner constructor called with [class com.example.CulturalActivities.CulturalActivitiesApplicationTests]
23:04:03.217 [Test worker] DEBUG org.springframework.test.context.BootstrapUtils - Instantiating CacheAwareContextLoaderDelegate from class [org.springframework.test.context.cache.DefaultCacheAwareContextLoaderDelegate]
23:04:03.241 [Test worker] DEBUG org.springframework.test.context.BootstrapUtils - Instantiating BootstrapContext using constructor [public org.springframework.test.context.support.DefaultBootstrapContext(java.lang.Class,org.springframework.test.context.CacheAwareContextLoaderDelegate)]
23:04:03.298 [Test worker] DEBUG org.springframework.test.context.BootstrapUtils - Instantiating TestContextBootstrapper for test class [com.example.CulturalActivities.CulturalActivitiesApplicationTests] from class [org.springframework.boot.test.context.SpringBootTestContextBootstrapper]
23:04:03.358 [Test worker] INFO org.springframework.boot.test.context.SpringBootTestContextBootstrapper - Neither @ContextConfiguration nor @ContextHierarchy found for test class [com.example.CulturalActivities.CulturalActivitiesApplicationTests], using SpringBootContextLoader
23:04:03.374 [Test worker] DEBUG org.springframework.test.context.support.AbstractContextLoader - Did not detect default resource location for test class [com.example.CulturalActivities.CulturalActivitiesApplicationTests]: class path resource [com/example/CulturalActivities/CulturalActivitiesApplicationTests-context.xml] does not exist
23:04:03.376 [Test worker] DEBUG org.springframework.test.context.support.AbstractContextLoader - Did not detect default resource location for test class [com.example.CulturalActivities.CulturalActivitiesApplicationTests]: class path resource [com/example/CulturalActivities/CulturalActivitiesApplicationTestsContext.groovy] does not exist
23:04:03.378 [Test worker] INFO org.springframework.test.context.support.AbstractContextLoader - Could not detect default resource locations for test class [com.example.CulturalActivities.CulturalActivitiesApplicationTests]: no resource found for suffixes {-context.xml, Context.groovy}.
23:04:03.380 [Test worker] INFO org.springframework.test.context.support.AnnotationConfigContextLoaderUtils - Could not detect default configuration classes for test class [com.example.CulturalActivities.CulturalActivitiesApplicationTests]: CulturalActivitiesApplicationTests does not declare any static, non-private, non-final, nested classes annotated with @Configuration.
23:04:03.598 [Test worker] DEBUG org.springframework.test.context.support.ActiveProfilesUtils - Could not find an 'annotation declaring class' for annotation type [org.springframework.test.context.ActiveProfiles] and class [com.example.CulturalActivities.CulturalActivitiesApplicationTests]
23:04:03.904 [Test worker] DEBUG org.springframework.context.annotation.ClassPathScanningCandidateComponentProvider - Identified candidate component class: file [/home/sarajarrad/Bureau/CulturalActivities/build/classes/java/main/com/example/CulturalActivities/CulturalActivitiesApplication.class]
23:04:03.907 [Test worker] INFO org.springframework.boot.test.context.SpringBootTestContextBootstrapper - Found @SpringBootConfiguration com.example.CulturalActivities.CulturalActivitiesApplication for test class com.example.CulturalActivities.CulturalActivitiesApplicationTests
23:04:04.245 [Test worker] DEBUG org.springframework.boot.test.context.SpringBootTestContextBootstrapper - @TestExecutionListeners is not present for class [com.example.CulturalActivities.CulturalActivitiesApplicationTests]: using defaults.
23:04:04.247 [Test worker] INFO org.springframework.boot.test.context.SpringBootTestContextBootstrapper - Loaded default TestExecutionListener class names from location [META-INF/spring.factories]: [org.springframework.boot.test.autoconfigure.restdocs.RestDocsTestExecutionListener, org.springframework.boot.test.autoconfigure.web.client.MockRestServiceServerResetTestExecutionListener, org.springframework.boot.test.autoconfigure.web.servlet.MockMvcPrintOnlyOnFailureTestExecutionListener, org.springframework.boot.test.autoconfigure.web.servlet.WebDriverTestExecutionListener, org.springframework.boot.test.mock.mockito.MockitoTestExecutionListener, org.springframework.boot.test.mock.mockito.ResetMocksTestExecutionListener, org.springframework.test.context.web.ServletTestExecutionListener, org.springframework.test.context.support.DirtiesContextBeforeModesTestExecutionListener, org.springframework.test.context.support.DependencyInjectionTestExecutionListener, org.springframework.test.context.support.DirtiesContextTestExecutionListener, org.springframework.test.context.transaction.TransactionalTestExecutionListener, org.springframework.test.context.jdbc.SqlScriptsTestExecutionListener]
23:04:04.326 [Test worker] INFO org.springframework.boot.test.context.SpringBootTestContextBootstrapper - Using TestExecutionListeners: [org.springframework.test.context.web.ServletTestExecutionListener@e86ef57, org.springframework.test.context.support.DirtiesContextBeforeModesTestExecutionListener@4bd2b55, org.springframework.boot.test.mock.mockito.MockitoTestExecutionListener@6fb7b353, org.springframework.boot.test.autoconfigure.SpringBootDependencyInjectionTestExecutionListener@393ede3d, org.springframework.test.context.support.DirtiesContextTestExecutionListener@fb621a, org.springframework.test.context.transaction.TransactionalTestExecutionListener@6df116d3, org.springframework.test.context.jdbc.SqlScriptsTestExecutionListener@3f0e1d15, org.springframework.boot.test.autoconfigure.restdocs.RestDocsTestExecutionListener@708ef3ff, org.springframework.boot.test.autoconfigure.web.client.MockRestServiceServerResetTestExecutionListener@2b3eb446, org.springframework.boot.test.autoconfigure.web.servlet.MockMvcPrintOnlyOnFailureTestExecutionListener@4e9c687c, org.springframework.boot.test.autoconfigure.web.servlet.WebDriverTestExecutionListener@1b5320f, org.springframework.boot.test.mock.mockito.ResetMocksTestExecutionListener@62338cd]
23:04:04.341 [Test worker] DEBUG org.springframework.test.annotation.ProfileValueUtils - Retrieved @ProfileValueSourceConfiguration [null] for test class [com.example.CulturalActivities.CulturalActivitiesApplicationTests]
23:04:04.353 [Test worker] DEBUG org.springframework.test.annotation.ProfileValueUtils - Retrieved ProfileValueSource type [class org.springframework.test.annotation.SystemProfileValueSource] for class [com.example.CulturalActivities.CulturalActivitiesApplicationTests]
23:04:04.355 [Test worker] DEBUG org.springframework.test.annotation.ProfileValueUtils - Retrieved @ProfileValueSourceConfiguration [null] for test class [com.example.CulturalActivities.CulturalActivitiesApplicationTests]
23:04:04.356 [Test worker] DEBUG org.springframework.test.annotation.ProfileValueUtils - Retrieved ProfileValueSource type [class org.springframework.test.annotation.SystemProfileValueSource] for class [com.example.CulturalActivities.CulturalActivitiesApplicationTests]
23:04:04.367 [Test worker] DEBUG org.springframework.test.context.support.AbstractDirtiesContextTestExecutionListener - Before test class: context [DefaultTestContext@3a9512a testClass = CulturalActivitiesApplicationTests, testInstance = [null], testMethod = [null], testException = [null], mergedContextConfiguration = [WebMergedContextConfiguration@4cff6b1e testClass = CulturalActivitiesApplicationTests, locations = '{}', classes = '{class com.example.CulturalActivities.CulturalActivitiesApplication}', contextInitializerClasses = '[]', activeProfiles = '{}', propertySourceLocations = '{}', propertySourceProperties = '{org.springframework.boot.test.context.SpringBootTestContextBootstrapper=true}', contextCustomizers = set[org.springframework.boot.test.autoconfigure.properties.PropertyMappingContextCustomizer@0, org.springframework.boot.test.autoconfigure.web.servlet.WebDriverContextCustomizerFactory$Customizer@1d5df976, org.springframework.boot.test.context.filter.ExcludeFilterContextCustomizer@141a1deb, org.springframework.boot.test.json.DuplicateJsonObjectContextCustomizerFactory$DuplicateJsonObjectContextCustomizer@4e80c5f0, org.springframework.boot.test.mock.mockito.MockitoContextCustomizer@0, org.springframework.boot.test.web.client.TestRestTemplateContextCustomizer@302ee423], resourceBasePath = 'src/main/webapp', contextLoader = 'org.springframework.boot.test.context.SpringBootContextLoader', parent = [null]], attributes = map['org.springframework.test.context.web.ServletTestExecutionListener.activateListener' -> true]], class annotated with @DirtiesContext [false] with mode [null].
23:04:04.370 [Test worker] DEBUG org.springframework.test.annotation.ProfileValueUtils - Retrieved @ProfileValueSourceConfiguration [null] for test class [com.example.CulturalActivities.CulturalActivitiesApplicationTests]
23:04:04.371 [Test worker] DEBUG org.springframework.test.annotation.ProfileValueUtils - Retrieved ProfileValueSource type [class org.springframework.test.annotation.SystemProfileValueSource] for class [com.example.CulturalActivities.CulturalActivitiesApplicationTests]
23:04:04.463 [Test worker] DEBUG org.springframework.test.context.support.TestPropertySourceUtils - Adding inlined properties to environment: {spring.jmx.enabled=false, org.springframework.boot.test.context.SpringBootTestContextBootstrapper=true, server.port=-1}

  .   ____          _            __ _ _
 /\\ / ___'_ __ _ _(_)_ __  __ _ \ \ \ \
( ( )\___ | '_ | '_| | '_ \/ _` | \ \ \ \
 \\/  ___)| |_)| | | | | || (_| |  ) ) ) )
  '  |____| .__|_| |_|_| |_\__, | / / / /
 =========|_|==============|___/=/_/_/_/
 :: Spring Boot ::       (v2.1.13.RELEASE)

2020-04-22 23:04:09.558  INFO 20873 --- [    Test worker] c.e.C.CulturalActivitiesApplicationTests : No active profile set, falling back to default profiles: default
2020-04-22 23:04:13.104  INFO 20873 --- [    Test worker] .s.d.r.c.RepositoryConfigurationDelegate : Bootstrapping Spring Data JPA repositories in DEFAULT mode.
2020-04-22 23:04:13.389  INFO 20873 --- [    Test worker] .s.d.r.c.RepositoryConfigurationDelegate : Finished Spring Data repository scanning in 250ms. Found 1 JPA repository interfaces.
2020-04-22 23:04:13.860  WARN 20873 --- [    Test worker] o.s.boot.actuate.endpoint.EndpointId     : Endpoint ID 'service-registry' contains invalid characters, please migrate to a valid format.
2020-04-22 23:04:14.963  INFO 20873 --- [    Test worker] o.s.cloud.context.scope.GenericScope     : BeanFactory id=f853b096-3192-3a2d-aa84-2046e330a458
2020-04-22 23:04:16.880  INFO 20873 --- [    Test worker] com.zaxxer.hikari.HikariDataSource       : HikariPool-1 - Starting...
2020-04-22 23:04:17.622  INFO 20873 --- [    Test worker] com.zaxxer.hikari.HikariDataSource       : HikariPool-1 - Start completed.
2020-04-22 23:04:18.046  INFO 20873 --- [    Test worker] o.hibernate.jpa.internal.util.LogHelper  : HHH000204: Processing PersistenceUnitInfo [
	name: default
	...]
2020-04-22 23:04:18.321  INFO 20873 --- [    Test worker] org.hibernate.Version                    : HHH000412: Hibernate Core {5.3.15.Final}
2020-04-22 23:04:18.332  INFO 20873 --- [    Test worker] org.hibernate.cfg.Environment            : HHH000206: hibernate.properties not found
2020-04-22 23:04:18.820  INFO 20873 --- [    Test worker] o.hibernate.annotations.common.Version   : HCANN000001: Hibernate Commons Annotations {5.0.4.Final}
2020-04-22 23:04:19.366  INFO 20873 --- [    Test worker] org.hibernate.dialect.Dialect            : HHH000400: Using dialect: org.hibernate.dialect.H2Dialect
2020-04-22 23:04:21.434  INFO 20873 --- [    Test worker] o.h.t.schema.internal.SchemaCreatorImpl  : HHH000476: Executing import script 'org.hibernate.tool.schema.internal.exec.ScriptSourceInputNonExistentImpl@f5cb57a'
2020-04-22 23:04:21.470  INFO 20873 --- [    Test worker] j.LocalContainerEntityManagerFactoryBean : Initialized JPA EntityManagerFactory for persistence unit 'default'
2020-04-22 23:04:24.153  WARN 20873 --- [    Test worker] c.n.c.sources.URLConfigurationSource     : No URLs will be polled as dynamic configuration sources.
2020-04-22 23:04:24.157  INFO 20873 --- [    Test worker] c.n.c.sources.URLConfigurationSource     : To enable URLs as dynamic configuration sources, define System property archaius.configurationSource.additionalUrls or make config.properties available on classpath.
2020-04-22 23:04:24.179  WARN 20873 --- [    Test worker] c.n.c.sources.URLConfigurationSource     : No URLs will be polled as dynamic configuration sources.
2020-04-22 23:04:24.186  INFO 20873 --- [    Test worker] c.n.c.sources.URLConfigurationSource     : To enable URLs as dynamic configuration sources, define System property archaius.configurationSource.additionalUrls or make config.properties available on classpath.
2020-04-22 23:04:26.327  INFO 20873 --- [    Test worker] o.s.s.concurrent.ThreadPoolTaskExecutor  : Initializing ExecutorService 'applicationTaskExecutor'
2020-04-22 23:04:26.572  WARN 20873 --- [    Test worker] aWebConfiguration$JpaWebMvcConfiguration : spring.jpa.open-in-view is enabled by default. Therefore, database queries may be performed during view rendering. Explicitly configure spring.jpa.open-in-view to disable this warning
2020-04-22 23:04:31.409  INFO 20873 --- [    Test worker] o.s.b.a.e.web.EndpointLinksResolver      : Exposing 2 endpoint(s) beneath base path '/actuator'
2020-04-22 23:04:31.744  INFO 20873 --- [    Test worker] c.e.C.CulturalActivitiesApplicationTests : Started CulturalActivitiesApplicationTests in 27.237 seconds (JVM running for 31.442)
]]></system-out>
  <system-err><![CDATA[]]></system-err>
</testsuite>
