<?xml version="1.0" encoding="UTF-8"?>
<testsuite name="ProjetWeb.ProjetWeb.ProjetWebApplicationTests" tests="1" skipped="0" failures="0" errors="0" timestamp="2020-04-22T21:10:48" hostname="sarajarrad" time="0.24">
  <properties/>
  <testcase name="contextLoads()" classname="ProjetWeb.ProjetWeb.ProjetWebApplicationTests" time="0.24"/>
  <system-out><![CDATA[23:10:19.852 [Test worker] DEBUG org.springframework.test.context.BootstrapUtils - Instantiating CacheAwareContextLoaderDelegate from class [org.springframework.test.context.cache.DefaultCacheAwareContextLoaderDelegate]
23:10:19.884 [Test worker] DEBUG org.springframework.test.context.BootstrapUtils - Instantiating BootstrapContext using constructor [public org.springframework.test.context.support.DefaultBootstrapContext(java.lang.Class,org.springframework.test.context.CacheAwareContextLoaderDelegate)]
23:10:19.986 [Test worker] DEBUG org.springframework.test.context.BootstrapUtils - Instantiating TestContextBootstrapper for test class [ProjetWeb.ProjetWeb.ProjetWebApplicationTests] from class [org.springframework.boot.test.context.SpringBootTestContextBootstrapper]
23:10:20.041 [Test worker] INFO org.springframework.boot.test.context.SpringBootTestContextBootstrapper - Neither @ContextConfiguration nor @ContextHierarchy found for test class [ProjetWeb.ProjetWeb.ProjetWebApplicationTests], using SpringBootContextLoader
23:10:20.051 [Test worker] DEBUG org.springframework.test.context.support.AbstractContextLoader - Did not detect default resource location for test class [ProjetWeb.ProjetWeb.ProjetWebApplicationTests]: class path resource [ProjetWeb/ProjetWeb/ProjetWebApplicationTests-context.xml] does not exist
23:10:20.052 [Test worker] DEBUG org.springframework.test.context.support.AbstractContextLoader - Did not detect default resource location for test class [ProjetWeb.ProjetWeb.ProjetWebApplicationTests]: class path resource [ProjetWeb/ProjetWeb/ProjetWebApplicationTestsContext.groovy] does not exist
23:10:20.054 [Test worker] INFO org.springframework.test.context.support.AbstractContextLoader - Could not detect default resource locations for test class [ProjetWeb.ProjetWeb.ProjetWebApplicationTests]: no resource found for suffixes {-context.xml, Context.groovy}.
23:10:20.056 [Test worker] INFO org.springframework.test.context.support.AnnotationConfigContextLoaderUtils - Could not detect default configuration classes for test class [ProjetWeb.ProjetWeb.ProjetWebApplicationTests]: ProjetWebApplicationTests does not declare any static, non-private, non-final, nested classes annotated with @Configuration.
23:10:20.204 [Test worker] DEBUG org.springframework.test.context.support.ActiveProfilesUtils - Could not find an 'annotation declaring class' for annotation type [org.springframework.test.context.ActiveProfiles] and class [ProjetWeb.ProjetWeb.ProjetWebApplicationTests]
23:10:20.615 [Test worker] DEBUG org.springframework.context.annotation.ClassPathScanningCandidateComponentProvider - Identified candidate component class: file [/home/sarajarrad/Bureau/ProjetWeb/ProjetWeb/build/classes/java/main/ProjetWeb/ProjetWeb/PretBookApplication.class]
23:10:20.628 [Test worker] INFO org.springframework.boot.test.context.SpringBootTestContextBootstrapper - Found @SpringBootConfiguration ProjetWeb.ProjetWeb.PretBookApplication for test class ProjetWeb.ProjetWeb.ProjetWebApplicationTests
23:10:21.092 [Test worker] DEBUG org.springframework.boot.test.context.SpringBootTestContextBootstrapper - @TestExecutionListeners is not present for class [ProjetWeb.ProjetWeb.ProjetWebApplicationTests]: using defaults.
23:10:21.095 [Test worker] INFO org.springframework.boot.test.context.SpringBootTestContextBootstrapper - Loaded default TestExecutionListener class names from location [META-INF/spring.factories]: [org.springframework.boot.test.autoconfigure.restdocs.RestDocsTestExecutionListener, org.springframework.boot.test.autoconfigure.web.client.MockRestServiceServerResetTestExecutionListener, org.springframework.boot.test.autoconfigure.web.servlet.MockMvcPrintOnlyOnFailureTestExecutionListener, org.springframework.boot.test.autoconfigure.web.servlet.WebDriverTestExecutionListener, org.springframework.boot.test.mock.mockito.MockitoTestExecutionListener, org.springframework.boot.test.mock.mockito.ResetMocksTestExecutionListener, org.springframework.test.context.web.ServletTestExecutionListener, org.springframework.test.context.support.DirtiesContextBeforeModesTestExecutionListener, org.springframework.test.context.support.DependencyInjectionTestExecutionListener, org.springframework.test.context.support.DirtiesContextTestExecutionListener, org.springframework.test.context.transaction.TransactionalTestExecutionListener, org.springframework.test.context.jdbc.SqlScriptsTestExecutionListener, org.springframework.test.context.event.EventPublishingTestExecutionListener]
23:10:21.165 [Test worker] INFO org.springframework.boot.test.context.SpringBootTestContextBootstrapper - Using TestExecutionListeners: [org.springframework.test.context.web.ServletTestExecutionListener@1d2a566, org.springframework.test.context.support.DirtiesContextBeforeModesTestExecutionListener@2ed3fdfe, org.springframework.boot.test.mock.mockito.MockitoTestExecutionListener@26267bf7, org.springframework.boot.test.autoconfigure.SpringBootDependencyInjectionTestExecutionListener@4a3a64a9, org.springframework.test.context.support.DirtiesContextTestExecutionListener@5e57111d, org.springframework.test.context.transaction.TransactionalTestExecutionListener@6f5a2b24, org.springframework.test.context.jdbc.SqlScriptsTestExecutionListener@7a361cfb, org.springframework.test.context.event.EventPublishingTestExecutionListener@63303038, org.springframework.boot.test.autoconfigure.restdocs.RestDocsTestExecutionListener@5090aba, org.springframework.boot.test.autoconfigure.web.client.MockRestServiceServerResetTestExecutionListener@3bb40234, org.springframework.boot.test.autoconfigure.web.servlet.MockMvcPrintOnlyOnFailureTestExecutionListener@712f007d, org.springframework.boot.test.autoconfigure.web.servlet.WebDriverTestExecutionListener@13fc5f90, org.springframework.boot.test.mock.mockito.ResetMocksTestExecutionListener@5eedcb8f]
23:10:21.181 [Test worker] DEBUG org.springframework.test.context.support.AbstractDirtiesContextTestExecutionListener - Before test class: context [DefaultTestContext@596d9097 testClass = ProjetWebApplicationTests, testInstance = [null], testMethod = [null], testException = [null], mergedContextConfiguration = [WebMergedContextConfiguration@1641f5da testClass = ProjetWebApplicationTests, locations = '{}', classes = '{class ProjetWeb.ProjetWeb.PretBookApplication}', contextInitializerClasses = '[]', activeProfiles = '{}', propertySourceLocations = '{}', propertySourceProperties = '{org.springframework.boot.test.context.SpringBootTestContextBootstrapper=true}', contextCustomizers = set[org.springframework.boot.test.autoconfigure.properties.PropertyMappingContextCustomizer@0, org.springframework.boot.test.autoconfigure.web.servlet.WebDriverContextCustomizerFactory$Customizer@12ed7969, org.springframework.boot.test.context.filter.ExcludeFilterContextCustomizer@21256375, org.springframework.boot.test.json.DuplicateJsonObjectContextCustomizerFactory$DuplicateJsonObjectContextCustomizer@1605839d, org.springframework.boot.test.mock.mockito.MockitoContextCustomizer@0, org.springframework.boot.test.web.client.TestRestTemplateContextCustomizer@1de58918], resourceBasePath = 'src/main/webapp', contextLoader = 'org.springframework.boot.test.context.SpringBootContextLoader', parent = [null]], attributes = map['org.springframework.test.context.web.ServletTestExecutionListener.activateListener' -> true]], class annotated with @DirtiesContext [false] with mode [null].
23:10:21.320 [Test worker] DEBUG org.springframework.test.context.support.TestPropertySourceUtils - Adding inlined properties to environment: {spring.jmx.enabled=false, org.springframework.boot.test.context.SpringBootTestContextBootstrapper=true, server.port=-1}

  .   ____          _            __ _ _
 /\\ / ___'_ __ _ _(_)_ __  __ _ \ \ \ \
( ( )\___ | '_ | '_| | '_ \/ _` | \ \ \ \
 \\/  ___)| |_)| | | | | || (_| |  ) ) ) )
  '  |____| .__|_| |_|_| |_\__, | / / / /
 =========|_|==============|___/=/_/_/_/
 :: Spring Boot ::        (v2.2.5.RELEASE)

2020-04-22 23:10:23.856  INFO 21354 --- [    Test worker] P.ProjetWeb.ProjetWebApplicationTests    : No active profile set, falling back to default profiles: default
2020-04-22 23:10:26.470  INFO 21354 --- [    Test worker] .s.d.r.c.RepositoryConfigurationDelegate : Multiple Spring Data modules found, entering strict repository configuration mode!
2020-04-22 23:10:26.481  INFO 21354 --- [    Test worker] .s.d.r.c.RepositoryConfigurationDelegate : Bootstrapping Spring Data JPA repositories in DEFAULT mode.
2020-04-22 23:10:26.650  INFO 21354 --- [    Test worker] .RepositoryConfigurationExtensionSupport : Spring Data JPA - Could not safely identify store assignment for repository candidate interface ProjetWeb.ProjetWeb.AdherantRepository. If you want this repository to be a JPA repository, consider annotating your entities with one of these annotations: javax.persistence.Entity, javax.persistence.MappedSuperclass (preferred), or consider extending one of the following types with your repository: org.springframework.data.jpa.repository.JpaRepository.
2020-04-22 23:10:27.137  INFO 21354 --- [    Test worker] .RepositoryConfigurationExtensionSupport : Spring Data JPA - Could not safely identify store assignment for repository candidate interface ProjetWeb.ProjetWeb.BookRepository. If you want this repository to be a JPA repository, consider annotating your entities with one of these annotations: javax.persistence.Entity, javax.persistence.MappedSuperclass (preferred), or consider extending one of the following types with your repository: org.springframework.data.jpa.repository.JpaRepository.
2020-04-22 23:10:27.220  INFO 21354 --- [    Test worker] .s.d.r.c.RepositoryConfigurationDelegate : Finished Spring Data repository scanning in 709ms. Found 3 JPA repository interfaces.
2020-04-22 23:10:27.367  INFO 21354 --- [    Test worker] .s.d.r.c.RepositoryConfigurationDelegate : Multiple Spring Data modules found, entering strict repository configuration mode!
2020-04-22 23:10:27.372  INFO 21354 --- [    Test worker] .s.d.r.c.RepositoryConfigurationDelegate : Bootstrapping Spring Data MongoDB repositories in DEFAULT mode.
2020-04-22 23:10:27.444  INFO 21354 --- [    Test worker] .RepositoryConfigurationExtensionSupport : Spring Data MongoDB - Could not safely identify store assignment for repository candidate interface ProjetWeb.ProjetWeb.AdherantRepositorySQL. If you want this repository to be a MongoDB repository, consider annotating your entities with one of these annotations: org.springframework.data.mongodb.core.mapping.Document (preferred), or consider extending one of the following types with your repository: org.springframework.data.mongodb.repository.MongoRepository.
2020-04-22 23:10:27.450  INFO 21354 --- [    Test worker] .RepositoryConfigurationExtensionSupport : Spring Data MongoDB - Could not safely identify store assignment for repository candidate interface ProjetWeb.ProjetWeb.BookRepositorySQL. If you want this repository to be a MongoDB repository, consider annotating your entities with one of these annotations: org.springframework.data.mongodb.core.mapping.Document (preferred), or consider extending one of the following types with your repository: org.springframework.data.mongodb.repository.MongoRepository.
2020-04-22 23:10:27.457  INFO 21354 --- [    Test worker] .RepositoryConfigurationExtensionSupport : Spring Data MongoDB - Could not safely identify store assignment for repository candidate interface ProjetWeb.ProjetWeb.PretRepository. If you want this repository to be a MongoDB repository, consider annotating your entities with one of these annotations: org.springframework.data.mongodb.core.mapping.Document (preferred), or consider extending one of the following types with your repository: org.springframework.data.mongodb.repository.MongoRepository.
2020-04-22 23:10:27.472  INFO 21354 --- [    Test worker] .s.d.r.c.RepositoryConfigurationDelegate : Finished Spring Data repository scanning in 92ms. Found 2 MongoDB repository interfaces.
2020-04-22 23:10:28.936  INFO 21354 --- [    Test worker] o.s.cloud.context.scope.GenericScope     : BeanFactory id=5cb92591-fee0-3aa1-8792-8f0fff94737c
2020-04-22 23:10:31.403  INFO 21354 --- [    Test worker] com.zaxxer.hikari.HikariDataSource       : HikariPool-1 - Starting...
2020-04-22 23:10:32.377  INFO 21354 --- [    Test worker] com.zaxxer.hikari.HikariDataSource       : HikariPool-1 - Start completed.
2020-04-22 23:10:32.752  INFO 21354 --- [    Test worker] o.hibernate.jpa.internal.util.LogHelper  : HHH000204: Processing PersistenceUnitInfo [name: default]
2020-04-22 23:10:33.114  INFO 21354 --- [    Test worker] org.hibernate.Version                    : HHH000412: Hibernate ORM core version 5.4.12.Final
2020-04-22 23:10:34.041  INFO 21354 --- [    Test worker] o.hibernate.annotations.common.Version   : HCANN000001: Hibernate Commons Annotations {5.1.0.Final}
2020-04-22 23:10:34.612  INFO 21354 --- [    Test worker] org.hibernate.dialect.Dialect            : HHH000400: Using dialect: org.hibernate.dialect.H2Dialect
2020-04-22 23:10:38.254  INFO 21354 --- [    Test worker] o.h.e.t.j.p.i.JtaPlatformInitiator       : HHH000490: Using JtaPlatform implementation: [org.hibernate.engine.transaction.jta.platform.internal.NoJtaPlatform]
2020-04-22 23:10:38.283  INFO 21354 --- [    Test worker] j.LocalContainerEntityManagerFactoryBean : Initialized JPA EntityManagerFactory for persistence unit 'default'
2020-04-22 23:10:40.990  WARN 21354 --- [    Test worker] c.n.c.sources.URLConfigurationSource     : No URLs will be polled as dynamic configuration sources.
2020-04-22 23:10:40.995  INFO 21354 --- [    Test worker] c.n.c.sources.URLConfigurationSource     : To enable URLs as dynamic configuration sources, define System property archaius.configurationSource.additionalUrls or make config.properties available on classpath.
2020-04-22 23:10:41.020  WARN 21354 --- [    Test worker] c.n.c.sources.URLConfigurationSource     : No URLs will be polled as dynamic configuration sources.
2020-04-22 23:10:41.022  INFO 21354 --- [    Test worker] c.n.c.sources.URLConfigurationSource     : To enable URLs as dynamic configuration sources, define System property archaius.configurationSource.additionalUrls or make config.properties available on classpath.
2020-04-22 23:10:41.390  WARN 21354 --- [    Test worker] JpaBaseConfiguration$JpaWebConfiguration : spring.jpa.open-in-view is enabled by default. Therefore, database queries may be performed during view rendering. Explicitly configure spring.jpa.open-in-view to disable this warning
2020-04-22 23:10:42.666  INFO 21354 --- [    Test worker] org.mongodb.driver.cluster               : Cluster created with settings {hosts=[localhost:27017], mode=SINGLE, requiredClusterType=UNKNOWN, serverSelectionTimeout='30000 ms', maxWaitQueueSize=500}
2020-04-22 23:10:42.920  INFO 21354 --- [localhost:27017] org.mongodb.driver.cluster               : Exception in monitor thread while connecting to server localhost:27017

com.mongodb.MongoSocketOpenException: Exception opening socket
	at com.mongodb.internal.connection.SocketStream.open(SocketStream.java:70) ~[mongodb-driver-core-3.11.2.jar:na]
	at com.mongodb.internal.connection.InternalStreamConnection.open(InternalStreamConnection.java:128) ~[mongodb-driver-core-3.11.2.jar:na]
	at com.mongodb.internal.connection.DefaultServerMonitor$ServerMonitorRunnable.run(DefaultServerMonitor.java:117) ~[mongodb-driver-core-3.11.2.jar:na]
	at java.lang.Thread.run(Thread.java:748) [na:1.8.0_242]
Caused by: java.net.ConnectException: Connexion refusée (Connection refused)
	at java.net.PlainSocketImpl.socketConnect(Native Method) ~[na:1.8.0_242]
	at java.net.AbstractPlainSocketImpl.doConnect(AbstractPlainSocketImpl.java:350) ~[na:1.8.0_242]
	at java.net.AbstractPlainSocketImpl.connectToAddress(AbstractPlainSocketImpl.java:206) ~[na:1.8.0_242]
	at java.net.AbstractPlainSocketImpl.connect(AbstractPlainSocketImpl.java:188) ~[na:1.8.0_242]
	at java.net.SocksSocketImpl.connect(SocksSocketImpl.java:392) ~[na:1.8.0_242]
	at java.net.Socket.connect(Socket.java:607) ~[na:1.8.0_242]
	at com.mongodb.internal.connection.SocketStreamHelper.initialize(SocketStreamHelper.java:64) ~[mongodb-driver-core-3.11.2.jar:na]
	at com.mongodb.internal.connection.SocketStream.initializeSocket(SocketStream.java:79) ~[mongodb-driver-core-3.11.2.jar:na]
	at com.mongodb.internal.connection.SocketStream.open(SocketStream.java:65) ~[mongodb-driver-core-3.11.2.jar:na]
	... 3 common frames omitted

2020-04-22 23:10:43.753  INFO 21354 --- [    Test worker] m.c.i.MongoPersistentEntityIndexResolver : Found cycle for field 'codeBarre' in type 'BookSQL' for path 'book -> dates -> book'
2020-04-22 23:10:43.757  INFO 21354 --- [    Test worker] m.c.i.MongoPersistentEntityIndexResolver : Found cycle for field 'codeBarre' in type 'BookSQL' for path 'book -> dates -> adherant -> dates -> book'
2020-04-22 23:10:43.758  INFO 21354 --- [    Test worker] m.c.i.MongoPersistentEntityIndexResolver : Found cycle for field 'idAdherant' in type 'AdherantSQL' for path 'adherant -> dates -> adherant'
2020-04-22 23:10:43.760  INFO 21354 --- [    Test worker] m.c.i.MongoPersistentEntityIndexResolver : Found cycle for field 'codeBarre' in type 'BookSQL' for path 'book -> dates -> book'
2020-04-22 23:10:43.761  INFO 21354 --- [    Test worker] m.c.i.MongoPersistentEntityIndexResolver : Found cycle for field 'idAdherant' in type 'AdherantSQL' for path 'adherant -> dates -> book -> dates -> adherant'
2020-04-22 23:10:43.762  INFO 21354 --- [    Test worker] m.c.i.MongoPersistentEntityIndexResolver : Found cycle for field 'idAdherant' in type 'AdherantSQL' for path 'adherant -> dates -> adherant'
2020-04-22 23:10:43.774  INFO 21354 --- [    Test worker] m.c.i.MongoPersistentEntityIndexResolver : Found cycle for field 'book' in type 'Pret' for path 'book -> dates -> book'
2020-04-22 23:10:43.780  INFO 21354 --- [    Test worker] m.c.i.MongoPersistentEntityIndexResolver : Found cycle for field 'book' in type 'Pret' for path 'book -> dates -> book'
2020-04-22 23:10:43.784  INFO 21354 --- [    Test worker] m.c.i.MongoPersistentEntityIndexResolver : Found cycle for field 'adherant' in type 'Pret' for path 'adherant -> dates -> adherant'
2020-04-22 23:10:45.737  INFO 21354 --- [    Test worker] o.s.s.concurrent.ThreadPoolTaskExecutor  : Initializing ExecutorService 'applicationTaskExecutor'
2020-04-22 23:10:47.957  WARN 21354 --- [    Test worker] ockingLoadBalancerClientRibbonWarnLogger : You already have RibbonLoadBalancerClient on your classpath. It will be used by default. As Spring Cloud Ribbon is in maintenance mode. We recommend switching to BlockingLoadBalancerClient instead. In order to use it, set the value of `spring.cloud.loadbalancer.ribbon.enabled` to `false` or remove spring-cloud-starter-netflix-ribbon from your project.
2020-04-22 23:10:48.315  INFO 21354 --- [    Test worker] P.ProjetWeb.ProjetWebApplicationTests    : Started ProjetWebApplicationTests in 26.96 seconds (JVM running for 32.368)
]]></system-out>
  <system-err><![CDATA[]]></system-err>
</testsuite>
